# JRE version: OpenJDK Runtime Environment Temurin-11.0.16.1+1 (11.0.16.1+1) (build 11.0.16.1+1)
# Java VM: OpenJDK 64-Bit Server VM Temurin-11.0.16.1+1 (11.0.16.1+1, mixed mode, tiered, compressed oops, g1 gc, windows-amd64)
Heap:
 garbage-first heap   total 312320K, used 78960K [0x0000000703200000, 0x0000000800000000)
  region size 1024K, 65 young (66560K), 15 survivors (15360K)
 Metaspace       used 76990K, capacity 79194K, committed 79260K, reserved 1118208K
  class space    used 9523K, capacity 10413K, committed 10476K, reserved 1048576K
GC Heap History (14 events):
Event: 0.924 GC heap before
{Heap before GC invocations=0 (full 0):
 garbage-first heap   total 260096K, used 24576K [0x0000000703200000, 0x0000000800000000)
  region size 1024K, 24 young (24576K), 0 survivors (0K)
 Metaspace       used 12915K, capacity 13142K, committed 13440K, reserved 1060864K
  class space    used 1256K, capacity 1324K, committed 1408K, reserved 1048576K
}
Event: 0.928 GC heap after
{Heap after GC invocations=1 (full 0):
 garbage-first heap   total 260096K, used 6949K [0x0000000703200000, 0x0000000800000000)
  region size 1024K, 3 young (3072K), 3 survivors (3072K)
 Metaspace       used 12915K, capacity 13142K, committed 13440K, reserved 1060864K
  class space    used 1256K, capacity 1324K, committed 1408K, reserved 1048576K
}
Event: 1.357 GC heap before
{Heap before GC invocations=1 (full 0):
 garbage-first heap   total 260096K, used 27429K [0x0000000703200000, 0x0000000800000000)
  region size 1024K, 24 young (24576K), 3 survivors (3072K)
 Metaspace       used 17581K, capacity 17999K, committed 18176K, reserved 1064960K
  class space    used 1858K, capacity 2036K, committed 2048K, reserved 1048576K
}
Event: 1.365 GC heap after
{Heap after GC invocations=2 (full 0):
 garbage-first heap   total 260096K, used 8281K [0x0000000703200000, 0x0000000800000000)
  region size 1024K, 2 young (2048K), 2 survivors (2048K)
 Metaspace       used 17581K, capacity 17999K, committed 18176K, reserved 1064960K
  class space    used 1858K, capacity 2036K, committed 2048K, reserved 1048576K
}
Event: 1.549 GC heap before
{Heap before GC invocations=2 (full 0):
 garbage-first heap   total 260096K, used 24665K [0x0000000703200000, 0x0000000800000000)
  region size 1024K, 20 young (20480K), 2 survivors (2048K)
 Metaspace       used 20768K, capacity 21178K, committed 21296K, reserved 1069056K
  class space    used 2209K, capacity 2392K, committed 2432K, reserved 1048576K
}
Event: 1.552 GC heap after
{Heap after GC invocations=3 (full 0):
 garbage-first heap   total 260096K, used 8683K [0x0000000703200000, 0x0000000800000000)
  region size 1024K, 2 young (2048K), 2 survivors (2048K)
 Metaspace       used 20768K, capacity 21178K, committed 21296K, reserved 1069056K
  class space    used 2209K, capacity 2392K, committed 2432K, reserved 1048576K
}
Event: 2.352 GC heap before
{Heap before GC invocations=4 (full 0):
 garbage-first heap   total 260096K, used 85483K [0x0000000703200000, 0x0000000800000000)
  region size 1024K, 77 young (78848K), 2 survivors (2048K)
 Metaspace       used 26452K, capacity 27126K, committed 27184K, reserved 1073152K
  class space    used 2894K, capacity 3154K, committed 3200K, reserved 1048576K
}
Event: 2.357 GC heap after
{Heap after GC invocations=5 (full 0):
 garbage-first heap   total 260096K, used 11864K [0x0000000703200000, 0x0000000800000000)
  region size 1024K, 5 young (5120K), 5 survivors (5120K)
 Metaspace       used 26452K, capacity 27126K, committed 27184K, reserved 1073152K
  class space    used 2894K, capacity 3154K, committed 3200K, reserved 1048576K
}
Event: 3.908 GC heap before
{Heap before GC invocations=5 (full 0):
 garbage-first heap   total 260096K, used 91736K [0x0000000703200000, 0x0000000800000000)
  region size 1024K, 84 young (86016K), 5 survivors (5120K)
 Metaspace       used 34805K, capacity 35737K, committed 35888K, reserved 1081344K
  class space    used 3982K, capacity 4357K, committed 4480K, reserved 1048576K
}
Event: 3.924 GC heap after
{Heap after GC invocations=6 (full 0):
 garbage-first heap   total 260096K, used 15319K [0x0000000703200000, 0x0000000800000000)
  region size 1024K, 9 young (9216K), 9 survivors (9216K)
 Metaspace       used 34805K, capacity 35737K, committed 35888K, reserved 1081344K
  class space    used 3982K, capacity 4357K, committed 4480K, reserved 1048576K
}
Event: 6.483 GC heap before
{Heap before GC invocations=7 (full 0):
 garbage-first heap   total 260096K, used 148439K [0x0000000703200000, 0x0000000800000000)
  region size 1024K, 140 young (143360K), 9 survivors (9216K)
 Metaspace       used 58937K, capacity 60151K, committed 60208K, reserved 1101824K
  class space    used 7298K, capacity 7792K, committed 7808K, reserved 1048576K
}
Event: 6.506 GC heap after
{Heap after GC invocations=8 (full 0):
 garbage-first heap   total 260096K, used 22220K [0x0000000703200000, 0x0000000800000000)
  region size 1024K, 15 young (15360K), 15 survivors (15360K)
 Metaspace       used 58937K, capacity 60151K, committed 60208K, reserved 1101824K
  class space    used 7298K, capacity 7792K, committed 7808K, reserved 1048576K
}
Event: 8.357 GC heap before
{Heap before GC invocations=9 (full 0):
 garbage-first heap   total 260096K, used 162508K [0x0000000703200000, 0x0000000800000000)
  region size 1024K, 152 young (155648K), 15 survivors (15360K)
 Metaspace       used 71142K, capacity 73294K, committed 73372K, reserved 1114112K
  class space    used 8875K, capacity 9700K, committed 9708K, reserved 1048576K
}
Event: 8.373 GC heap after
{Heap after GC invocations=10 (full 0):
 garbage-first heap   total 312320K, used 29808K [0x0000000703200000, 0x0000000800000000)
  region size 1024K, 15 young (15360K), 15 survivors (15360K)
 Metaspace       used 71142K, capacity 73294K, committed 73372K, reserved 1114112K
  class space    used 8875K, capacity 9700K, committed 9708K, reserved 1048576K
}

